# JRE version: OpenJDK Runtime Environment Temurin-17.0.10+7 (17.0.10+7) (build 17.0.10+7)
# Java VM: OpenJDK 64-Bit Server VM Temurin-17.0.10+7 (17.0.10+7, mixed mode, tiered, compressed oops, compressed class ptrs, parallel gc, windows-amd64)
GC Precious Log:
 CPUs: 12 total, 12 available
 Memory: 16295M
 Large Page Support: Disabled
 NUMA Support: Disabled
 Compressed Oops: Enabled (32-bit)
 Alignments: Space 512K, Generation 512K, Heap 2M
 Heap Min Capacity: 100M
 Heap Initial Capacity: 100M
 Heap Max Capacity: 1G
 Pre-touch: Disabled
 Parallel Workers: 10
Heap:
 PSYoungGen      total 14336K, used 11342K [0x00000000eab00000, 0x00000000ebb80000, 0x0000000100000000)
  eden space 12288K, 88% used [0x00000000eab00000,0x00000000eb5aba80,0x00000000eb700000)
  from space 2048K, 20% used [0x00000000eb800000,0x00000000eb868000,0x00000000eba00000)
  to   space 1024K, 0% used [0x00000000eba80000,0x00000000eba80000,0x00000000ebb80000)
 ParOldGen       total 68608K, used 50482K [0x00000000c0000000, 0x00000000c4300000, 0x00000000eab00000)
  object space 68608K, 73% used [0x00000000c0000000,0x00000000c314ca48,0x00000000c4300000)
 Metaspace       used 65656K, committed 66752K, reserved 1114112K
  class space    used 7493K, committed 7936K, reserved 1048576K
GC Heap History (20 events):
Event: 431.552 GC heap before
{Heap before GC invocations=41 (full 2):
 PSYoungGen      total 19456K, used 16108K [0x00000000eab00000, 0x00000000ec000000, 0x0000000100000000)
  eden space 18944K, 83% used [0x00000000eab00000,0x00000000eba5b358,0x00000000ebd80000)
  from space 512K, 75% used [0x00000000ebf80000,0x00000000ebfe0000,0x00000000ec000000)
  to   space 1024K, 0% used [0x00000000ebe00000,0x00000000ebe00000,0x00000000ebf00000)
 ParOldGen       total 68608K, used 40599K [0x00000000c0000000, 0x00000000c4300000, 0x00000000eab00000)
  object space 68608K, 59% used [0x00000000c0000000,0x00000000c27a5cc8,0x00000000c4300000)
 Metaspace       used 58710K, committed 59776K, reserved 1114112K
  class space    used 6344K, committed 6784K, reserved 1048576K
}
Event: 431.553 GC heap after
{Heap after GC invocations=41 (full 2):
 PSYoungGen      total 19968K, used 448K [0x00000000eab00000, 0x00000000ec000000, 0x0000000100000000)
  eden space 18944K, 0% used [0x00000000eab00000,0x00000000eab00000,0x00000000ebd80000)
  from space 1024K, 43% used [0x00000000ebe00000,0x00000000ebe70000,0x00000000ebf00000)
  to   space 512K, 0% used [0x00000000ebf80000,0x00000000ebf80000,0x00000000ec000000)
 ParOldGen       total 68608K, used 40791K [0x00000000c0000000, 0x00000000c4300000, 0x00000000eab00000)
  object space 68608K, 59% used [0x00000000c0000000,0x00000000c27d5cc8,0x00000000c4300000)
 Metaspace       used 58710K, committed 59776K, reserved 1114112K
  class space    used 6344K, committed 6784K, reserved 1048576K
}
Event: 431.553 GC heap before
{Heap before GC invocations=42 (full 3):
 PSYoungGen      total 19968K, used 448K [0x00000000eab00000, 0x00000000ec000000, 0x0000000100000000)
  eden space 18944K, 0% used [0x00000000eab00000,0x00000000eab00000,0x00000000ebd80000)
  from space 1024K, 43% used [0x00000000ebe00000,0x00000000ebe70000,0x00000000ebf00000)
  to   space 512K, 0% used [0x00000000ebf80000,0x00000000ebf80000,0x00000000ec000000)
 ParOldGen       total 68608K, used 40791K [0x00000000c0000000, 0x00000000c4300000, 0x00000000eab00000)
  object space 68608K, 59% used [0x00000000c0000000,0x00000000c27d5cc8,0x00000000c4300000)
 Metaspace       used 58710K, committed 59776K, reserved 1114112K
  class space    used 6344K, committed 6784K, reserved 1048576K
}
Event: 431.594 GC heap after
{Heap after GC invocations=42 (full 3):
 PSYoungGen      total 19968K, used 0K [0x00000000eab00000, 0x00000000ec000000, 0x0000000100000000)
  eden space 18944K, 0% used [0x00000000eab00000,0x00000000eab00000,0x00000000ebd80000)
  from space 1024K, 0% used [0x00000000ebe00000,0x00000000ebe00000,0x00000000ebf00000)
  to   space 512K, 0% used [0x00000000ebf80000,0x00000000ebf80000,0x00000000ec000000)
 ParOldGen       total 68608K, used 36508K [0x00000000c0000000, 0x00000000c4300000, 0x00000000eab00000)
  object space 68608K, 53% used [0x00000000c0000000,0x00000000c23a72f8,0x00000000c4300000)
 Metaspace       used 58710K, committed 59776K, reserved 1114112K
  class space    used 6344K, committed 6784K, reserved 1048576K
}
Event: 431.771 GC heap before
{Heap before GC invocations=43 (full 3):
 PSYoungGen      total 19968K, used 18921K [0x00000000eab00000, 0x00000000ec000000, 0x0000000100000000)
  eden space 18944K, 99% used [0x00000000eab00000,0x00000000ebd7a5e0,0x00000000ebd80000)
  from space 1024K, 0% used [0x00000000ebe00000,0x00000000ebe00000,0x00000000ebf00000)
  to   space 512K, 0% used [0x00000000ebf80000,0x00000000ebf80000,0x00000000ec000000)
 ParOldGen       total 68608K, used 36508K [0x00000000c0000000, 0x00000000c4300000, 0x00000000eab00000)
  object space 68608K, 53% used [0x00000000c0000000,0x00000000c23a72f8,0x00000000c4300000)
 Metaspace       used 59905K, committed 60992K, reserved 1114112K
  class space    used 6521K, committed 6976K, reserved 1048576K
}
Event: 431.772 GC heap after
{Heap after GC invocations=43 (full 3):
 PSYoungGen      total 12800K, used 508K [0x00000000eab00000, 0x00000000ece80000, 0x0000000100000000)
  eden space 12288K, 0% used [0x00000000eab00000,0x00000000eab00000,0x00000000eb700000)
  from space 512K, 99% used [0x00000000ebf80000,0x00000000ebfff0b8,0x00000000ec000000)
  to   space 8704K, 0% used [0x00000000eb700000,0x00000000eb700000,0x00000000ebf80000)
 ParOldGen       total 68608K, used 43430K [0x00000000c0000000, 0x00000000c4300000, 0x00000000eab00000)
  object space 68608K, 63% used [0x00000000c0000000,0x00000000c2a69a98,0x00000000c4300000)
 Metaspace       used 59905K, committed 60992K, reserved 1114112K
  class space    used 6521K, committed 6976K, reserved 1048576K
}
Event: 431.891 GC heap before
{Heap before GC invocations=44 (full 3):
 PSYoungGen      total 12800K, used 12796K [0x00000000eab00000, 0x00000000ece80000, 0x0000000100000000)
  eden space 12288K, 100% used [0x00000000eab00000,0x00000000eb700000,0x00000000eb700000)
  from space 512K, 99% used [0x00000000ebf80000,0x00000000ebfff0b8,0x00000000ec000000)
  to   space 8704K, 0% used [0x00000000eb700000,0x00000000eb700000,0x00000000ebf80000)
 ParOldGen       total 68608K, used 43430K [0x00000000c0000000, 0x00000000c4300000, 0x00000000eab00000)
  object space 68608K, 63% used [0x00000000c0000000,0x00000000c2a69a98,0x00000000c4300000)
 Metaspace       used 61001K, committed 62080K, reserved 1114112K
  class space    used 6723K, committed 7168K, reserved 1048576K
}
Event: 431.892 GC heap after
{Heap after GC invocations=44 (full 3):
 PSYoungGen      total 13824K, used 1290K [0x00000000eab00000, 0x00000000ec000000, 0x0000000100000000)
  eden space 12288K, 0% used [0x00000000eab00000,0x00000000eab00000,0x00000000eb700000)
  from space 1536K, 84% used [0x00000000eb700000,0x00000000eb842ac0,0x00000000eb880000)
  to   space 3584K, 0% used [0x00000000ebc80000,0x00000000ebc80000,0x00000000ec000000)
 ParOldGen       total 68608K, used 43986K [0x00000000c0000000, 0x00000000c4300000, 0x00000000eab00000)
  object space 68608K, 64% used [0x00000000c0000000,0x00000000c2af4b00,0x00000000c4300000)
 Metaspace       used 61001K, committed 62080K, reserved 1114112K
  class space    used 6723K, committed 7168K, reserved 1048576K
}
Event: 431.993 GC heap before
{Heap before GC invocations=45 (full 3):
 PSYoungGen      total 13824K, used 13578K [0x00000000eab00000, 0x00000000ec000000, 0x0000000100000000)
  eden space 12288K, 100% used [0x00000000eab00000,0x00000000eb700000,0x00000000eb700000)
  from space 1536K, 84% used [0x00000000eb700000,0x00000000eb842ac0,0x00000000eb880000)
  to   space 3584K, 0% used [0x00000000ebc80000,0x00000000ebc80000,0x00000000ec000000)
 ParOldGen       total 68608K, used 43986K [0x00000000c0000000, 0x00000000c4300000, 0x00000000eab00000)
  object space 68608K, 64% used [0x00000000c0000000,0x00000000c2af4b00,0x00000000c4300000)
 Metaspace       used 61876K, committed 62912K, reserved 1114112K
  class space    used 6857K, committed 7296K, reserved 1048576K
}
Event: 431.994 GC heap after
{Heap after GC invocations=45 (full 3):
 PSYoungGen      total 13312K, used 544K [0x00000000eab00000, 0x00000000ebd80000, 0x0000000100000000)
  eden space 12288K, 0% used [0x00000000eab00000,0x00000000eab00000,0x00000000eb700000)
  from space 1024K, 53% used [0x00000000ebc80000,0x00000000ebd08000,0x00000000ebd80000)
  to   space 1536K, 0% used [0x00000000eba80000,0x00000000eba80000,0x00000000ebc00000)
 ParOldGen       total 68608K, used 45157K [0x00000000c0000000, 0x00000000c4300000, 0x00000000eab00000)
  object space 68608K, 65% used [0x00000000c0000000,0x00000000c2c197a0,0x00000000c4300000)
 Metaspace       used 61876K, committed 62912K, reserved 1114112K
  class space    used 6857K, committed 7296K, reserved 1048576K
}
Event: 432.099 GC heap before
{Heap before GC invocations=46 (full 3):
 PSYoungGen      total 13312K, used 12832K [0x00000000eab00000, 0x00000000ebd80000, 0x0000000100000000)
  eden space 12288K, 100% used [0x00000000eab00000,0x00000000eb700000,0x00000000eb700000)
  from space 1024K, 53% used [0x00000000ebc80000,0x00000000ebd08000,0x00000000ebd80000)
  to   space 1536K, 0% used [0x00000000eba80000,0x00000000eba80000,0x00000000ebc00000)
 ParOldGen       total 68608K, used 45157K [0x00000000c0000000, 0x00000000c4300000, 0x00000000eab00000)
  object space 68608K, 65% used [0x00000000c0000000,0x00000000c2c197a0,0x00000000c4300000)
 Metaspace       used 61894K, committed 62976K, reserved 1114112K
  class space    used 6858K, committed 7296K, reserved 1048576K
}
Event: 432.100 GC heap after
{Heap after GC invocations=46 (full 3):
 PSYoungGen      total 13824K, used 416K [0x00000000eab00000, 0x00000000ebd00000, 0x0000000100000000)
  eden space 12288K, 0% used [0x00000000eab00000,0x00000000eab00000,0x00000000eb700000)
  from space 1536K, 27% used [0x00000000eba80000,0x00000000ebae8000,0x00000000ebc00000)
  to   space 1024K, 0% used [0x00000000ebc00000,0x00000000ebc00000,0x00000000ebd00000)
 ParOldGen       total 68608K, used 45582K [0x00000000c0000000, 0x00000000c4300000, 0x00000000eab00000)
  object space 68608K, 66% used [0x00000000c0000000,0x00000000c2c83b50,0x00000000c4300000)
 Metaspace       used 61894K, committed 62976K, reserved 1114112K
  class space    used 6858K, committed 7296K, reserved 1048576K
}
Event: 432.186 GC heap before
{Heap before GC invocations=47 (full 3):
 PSYoungGen      total 13824K, used 12704K [0x00000000eab00000, 0x00000000ebd00000, 0x0000000100000000)
  eden space 12288K, 100% used [0x00000000eab00000,0x00000000eb700000,0x00000000eb700000)
  from space 1536K, 27% used [0x00000000eba80000,0x00000000ebae8000,0x00000000ebc00000)
  to   space 1024K, 0% used [0x00000000ebc00000,0x00000000ebc00000,0x00000000ebd00000)
 ParOldGen       total 68608K, used 45582K [0x00000000c0000000, 0x00000000c4300000, 0x00000000eab00000)
  object space 68608K, 66% used [0x00000000c0000000,0x00000000c2c83b50,0x00000000c4300000)
 Metaspace       used 61900K, committed 62976K, reserved 1114112K
  class space    used 6858K, committed 7296K, reserved 1048576K
}
Event: 432.187 GC heap after
{Heap after GC invocations=47 (full 3):
 PSYoungGen      total 13312K, used 1003K [0x00000000eab00000, 0x00000000ebd00000, 0x0000000100000000)
  eden space 12288K, 0% used [0x00000000eab00000,0x00000000eab00000,0x00000000eb700000)
  from space 1024K, 97% used [0x00000000ebc00000,0x00000000ebcfada8,0x00000000ebd00000)
  to   space 2560K, 0% used [0x00000000eb800000,0x00000000eb800000,0x00000000eba80000)
 ParOldGen       total 68608K, used 46446K [0x00000000c0000000, 0x00000000c4300000, 0x00000000eab00000)
  object space 68608K, 67% used [0x00000000c0000000,0x00000000c2d5baa8,0x00000000c4300000)
 Metaspace       used 61900K, committed 62976K, reserved 1114112K
  class space    used 6858K, committed 7296K, reserved 1048576K
}
Event: 432.256 GC heap before
{Heap before GC invocations=48 (full 3):
 PSYoungGen      total 13312K, used 13291K [0x00000000eab00000, 0x00000000ebd00000, 0x0000000100000000)
  eden space 12288K, 100% used [0x00000000eab00000,0x00000000eb700000,0x00000000eb700000)
  from space 1024K, 97% used [0x00000000ebc00000,0x00000000ebcfada8,0x00000000ebd00000)
  to   space 2560K, 0% used [0x00000000eb800000,0x00000000eb800000,0x00000000eba80000)
 ParOldGen       total 68608K, used 46446K [0x00000000c0000000, 0x00000000c4300000, 0x00000000eab00000)
  object space 68608K, 67% used [0x00000000c0000000,0x00000000c2d5baa8,0x00000000c4300000)
 Metaspace       used 62072K, committed 63168K, reserved 1114112K
  class space    used 6903K, committed 7360K, reserved 1048576K
}
Event: 432.258 GC heap after
{Heap after GC invocations=48 (full 3):
 PSYoungGen      total 14848K, used 2536K [0x00000000eab00000, 0x00000000ebf00000, 0x0000000100000000)
  eden space 12288K, 0% used [0x00000000eab00000,0x00000000eab00000,0x00000000eb700000)
  from space 2560K, 99% used [0x00000000eb800000,0x00000000eba7a1e8,0x00000000eba80000)
  to   space 4096K, 0% used [0x00000000ebb00000,0x00000000ebb00000,0x00000000ebf00000)
 ParOldGen       total 68608K, used 47486K [0x00000000c0000000, 0x00000000c4300000, 0x00000000eab00000)
  object space 68608K, 69% used [0x00000000c0000000,0x00000000c2e5f800,0x00000000c4300000)
 Metaspace       used 62072K, committed 63168K, reserved 1114112K
  class space    used 6903K, committed 7360K, reserved 1048576K
}
Event: 432.358 GC heap before
{Heap before GC invocations=49 (full 3):
 PSYoungGen      total 14848K, used 14824K [0x00000000eab00000, 0x00000000ebf00000, 0x0000000100000000)
  eden space 12288K, 100% used [0x00000000eab00000,0x00000000eb700000,0x00000000eb700000)
  from space 2560K, 99% used [0x00000000eb800000,0x00000000eba7a1e8,0x00000000eba80000)
  to   space 4096K, 0% used [0x00000000ebb00000,0x00000000ebb00000,0x00000000ebf00000)
 ParOldGen       total 68608K, used 47486K [0x00000000c0000000, 0x00000000c4300000, 0x00000000eab00000)
  object space 68608K, 69% used [0x00000000c0000000,0x00000000c2e5f800,0x00000000c4300000)
 Metaspace       used 63103K, committed 64192K, reserved 1114112K
  class space    used 7102K, committed 7552K, reserved 1048576K
}
Event: 432.359 GC heap after
{Heap after GC invocations=49 (full 3):
 PSYoungGen      total 13312K, used 656K [0x00000000eab00000, 0x00000000ebc00000, 0x0000000100000000)
  eden space 12288K, 0% used [0x00000000eab00000,0x00000000eab00000,0x00000000eb700000)
  from space 1024K, 64% used [0x00000000ebb00000,0x00000000ebba4010,0x00000000ebc00000)
  to   space 2048K, 0% used [0x00000000eb800000,0x00000000eb800000,0x00000000eba00000)
 ParOldGen       total 68608K, used 50018K [0x00000000c0000000, 0x00000000c4300000, 0x00000000eab00000)
  object space 68608K, 72% used [0x00000000c0000000,0x00000000c30d89f8,0x00000000c4300000)
 Metaspace       used 63103K, committed 64192K, reserved 1114112K
  class space    used 7102K, committed 7552K, reserved 1048576K
}
Event: 432.446 GC heap before
{Heap before GC invocations=50 (full 3):
 PSYoungGen      total 13312K, used 12944K [0x00000000eab00000, 0x00000000ebc00000, 0x0000000100000000)
  eden space 12288K, 100% used [0x00000000eab00000,0x00000000eb700000,0x00000000eb700000)
  from space 1024K, 64% used [0x00000000ebb00000,0x00000000ebba4010,0x00000000ebc00000)
  to   space 2048K, 0% used [0x00000000eb800000,0x00000000eb800000,0x00000000eba00000)
 ParOldGen       total 68608K, used 50018K [0x00000000c0000000, 0x00000000c4300000, 0x00000000eab00000)
  object space 68608K, 72% used [0x00000000c0000000,0x00000000c30d89f8,0x00000000c4300000)
 Metaspace       used 64450K, committed 65600K, reserved 1114112K
  class space    used 7316K, committed 7808K, reserved 1048576K
}
Event: 432.447 GC heap after
{Heap after GC invocations=50 (full 3):
 PSYoungGen      total 14336K, used 416K [0x00000000eab00000, 0x00000000ebb80000, 0x0000000100000000)
  eden space 12288K, 0% used [0x00000000eab00000,0x00000000eab00000,0x00000000eb700000)
  from space 2048K, 20% used [0x00000000eb800000,0x00000000eb868000,0x00000000eba00000)
  to   space 1024K, 0% used [0x00000000eba80000,0x00000000eba80000,0x00000000ebb80000)
 ParOldGen       total 68608K, used 50482K [0x00000000c0000000, 0x00000000c4300000, 0x00000000eab00000)
  object space 68608K, 73% used [0x00000000c0000000,0x00000000c314ca48,0x00000000c4300000)
 Metaspace       used 64450K, committed 65600K, reserved 1114112K
  class space    used 7316K, committed 7808K, reserved 1048576K
}

