# JRE version: Java(TM) SE Runtime Environment (17.0.10+11) (build 17.0.10+11-LTS-240)
# Java VM: Java HotSpot(TM) 64-Bit Server VM (17.0.10+11-LTS-240, mixed mode, sharing, tiered, compressed oops, compressed class ptrs, g1 gc, windows-amd64)
GC Precious Log:
 CPUs: 12 total, 12 available
 Memory: 16295M
 Large Page Support: Disabled
 NUMA Support: Disabled
 Compressed Oops: Enabled (32-bit)
 Heap Region Size: 1M
 Heap Min Capacity: 8M
 Heap Initial Capacity: 256M
 Heap Max Capacity: 2G
 Pre-touch: Disabled
 Parallel Workers: 10
 Concurrent Workers: 3
 Concurrent Refinement Workers: 10
 Periodic GC: Disabled
Heap:
 garbage-first heap   total 273408K, used 174080K [0x0000000080000000, 0x0000000100000000)
  region size 1024K, 7 young (7168K), 7 survivors (7168K)
 Metaspace       used 94764K, committed 95936K, reserved 557056K
  class space    used 13260K, committed 13760K, reserved 425984K
GC Heap History (20 events):
Event: 19.949 GC heap after
{Heap after GC invocations=38 (full 0):
 garbage-first heap   total 240640K, used 81939K [0x0000000080000000, 0x0000000100000000)
  region size 1024K, 2 young (2048K), 2 survivors (2048K)
 Metaspace       used 68200K, committed 68928K, reserved 491520K
  class space    used 9660K, committed 9984K, reserved 425984K
}
Event: 21.394 GC heap before
{Heap before GC invocations=39 (full 0):
 garbage-first heap   total 240640K, used 192531K [0x0000000080000000, 0x0000000100000000)
  region size 1024K, 104 young (106496K), 2 survivors (2048K)
 Metaspace       used 75948K, committed 76672K, reserved 557056K
  class space    used 10580K, committed 10880K, reserved 425984K
}
Event: 21.399 GC heap after
{Heap after GC invocations=40 (full 0):
 garbage-first heap   total 240640K, used 88842K [0x0000000080000000, 0x0000000100000000)
  region size 1024K, 9 young (9216K), 9 survivors (9216K)
 Metaspace       used 75948K, committed 76672K, reserved 557056K
  class space    used 10580K, committed 10880K, reserved 425984K
}
Event: 21.417 GC heap before
{Heap before GC invocations=40 (full 0):
 garbage-first heap   total 240640K, used 89866K [0x0000000080000000, 0x0000000100000000)
  region size 1024K, 11 young (11264K), 9 survivors (9216K)
 Metaspace       used 76097K, committed 76800K, reserved 557056K
  class space    used 10605K, committed 10944K, reserved 425984K
}
Event: 21.421 GC heap after
{Heap after GC invocations=41 (full 0):
 garbage-first heap   total 240640K, used 89533K [0x0000000080000000, 0x0000000100000000)
  region size 1024K, 1 young (1024K), 1 survivors (1024K)
 Metaspace       used 76097K, committed 76800K, reserved 557056K
  class space    used 10605K, committed 10944K, reserved 425984K
}
Event: 29.625 GC heap before
{Heap before GC invocations=41 (full 0):
 garbage-first heap   total 240640K, used 187837K [0x0000000080000000, 0x0000000100000000)
  region size 1024K, 98 young (100352K), 1 survivors (1024K)
 Metaspace       used 80351K, committed 81088K, reserved 557056K
  class space    used 11193K, committed 11520K, reserved 425984K
}
Event: 29.630 GC heap after
{Heap after GC invocations=42 (full 0):
 garbage-first heap   total 240640K, used 95438K [0x0000000080000000, 0x0000000100000000)
  region size 1024K, 7 young (7168K), 7 survivors (7168K)
 Metaspace       used 80351K, committed 81088K, reserved 557056K
  class space    used 11193K, committed 11520K, reserved 425984K
}
Event: 30.613 GC heap before
{Heap before GC invocations=42 (full 0):
 garbage-first heap   total 240640K, used 190670K [0x0000000080000000, 0x0000000100000000)
  region size 1024K, 100 young (102400K), 7 survivors (7168K)
 Metaspace       used 86624K, committed 87424K, reserved 557056K
  class space    used 12228K, committed 12608K, reserved 425984K
}
Event: 30.620 GC heap after
{Heap after GC invocations=43 (full 0):
 garbage-first heap   total 240640K, used 99538K [0x0000000080000000, 0x0000000100000000)
  region size 1024K, 11 young (11264K), 11 survivors (11264K)
 Metaspace       used 86624K, committed 87424K, reserved 557056K
  class space    used 12228K, committed 12608K, reserved 425984K
}
Event: 31.750 GC heap before
{Heap before GC invocations=43 (full 0):
 garbage-first heap   total 240640K, used 193746K [0x0000000080000000, 0x0000000100000000)
  region size 1024K, 103 young (105472K), 11 survivors (11264K)
 Metaspace       used 90587K, committed 91456K, reserved 557056K
  class space    used 12750K, committed 13120K, reserved 425984K
}
Event: 31.767 GC heap after
{Heap after GC invocations=44 (full 0):
 garbage-first heap   total 240640K, used 114140K [0x0000000080000000, 0x0000000100000000)
  region size 1024K, 13 young (13312K), 13 survivors (13312K)
 Metaspace       used 90587K, committed 91456K, reserved 557056K
  class space    used 12750K, committed 13120K, reserved 425984K
}
Event: 32.649 GC heap before
{Heap before GC invocations=44 (full 0):
 garbage-first heap   total 240640K, used 197084K [0x0000000080000000, 0x0000000100000000)
  region size 1024K, 88 young (90112K), 13 survivors (13312K)
 Metaspace       used 91829K, committed 92800K, reserved 557056K
  class space    used 12895K, committed 13312K, reserved 425984K
}
Event: 32.670 GC heap after
{Heap after GC invocations=45 (full 0):
 garbage-first heap   total 240640K, used 137062K [0x0000000080000000, 0x0000000100000000)
  region size 1024K, 11 young (11264K), 11 survivors (11264K)
 Metaspace       used 91829K, committed 92800K, reserved 557056K
  class space    used 12895K, committed 13312K, reserved 425984K
}
Event: 33.846 GC heap before
{Heap before GC invocations=45 (full 0):
 garbage-first heap   total 240640K, used 191334K [0x0000000080000000, 0x0000000100000000)
  region size 1024K, 64 young (65536K), 11 survivors (11264K)
 Metaspace       used 92390K, committed 93440K, reserved 557056K
  class space    used 12959K, committed 13440K, reserved 425984K
}
Event: 33.860 GC heap after
{Heap after GC invocations=46 (full 0):
 garbage-first heap   total 240640K, used 152576K [0x0000000080000000, 0x0000000100000000)
  region size 1024K, 8 young (8192K), 8 survivors (8192K)
 Metaspace       used 92390K, committed 93440K, reserved 557056K
  class space    used 12959K, committed 13440K, reserved 425984K
}
Event: 34.279 GC heap before
{Heap before GC invocations=47 (full 0):
 garbage-first heap   total 273408K, used 196608K [0x0000000080000000, 0x0000000100000000)
  region size 1024K, 47 young (48128K), 8 survivors (8192K)
 Metaspace       used 92685K, committed 93696K, reserved 557056K
  class space    used 13002K, committed 13440K, reserved 425984K
}
Event: 34.290 GC heap after
{Heap after GC invocations=48 (full 0):
 garbage-first heap   total 273408K, used 167186K [0x0000000080000000, 0x0000000100000000)
  region size 1024K, 6 young (6144K), 6 survivors (6144K)
 Metaspace       used 92685K, committed 93696K, reserved 557056K
  class space    used 13002K, committed 13440K, reserved 425984K
}
Event: 34.356 GC heap before
{Heap before GC invocations=48 (full 0):
 garbage-first heap   total 273408K, used 174354K [0x0000000080000000, 0x0000000100000000)
  region size 1024K, 13 young (13312K), 6 survivors (6144K)
 Metaspace       used 92773K, committed 93888K, reserved 557056K
  class space    used 13019K, committed 13504K, reserved 425984K
}
Event: 34.364 GC heap after
{Heap after GC invocations=49 (full 0):
 garbage-first heap   total 273408K, used 167563K [0x0000000080000000, 0x0000000100000000)
  region size 1024K, 2 young (2048K), 2 survivors (2048K)
 Metaspace       used 92773K, committed 93888K, reserved 557056K
  class space    used 13019K, committed 13504K, reserved 425984K
}
Event: 35.321 GC heap before
{Heap before GC invocations=49 (full 0):
 garbage-first heap   total 273408K, used 216715K [0x0000000080000000, 0x0000000100000000)
  region size 1024K, 51 young (52224K), 2 survivors (2048K)
 Metaspace       used 94764K, committed 95936K, reserved 557056K
  class space    used 13260K, committed 13760K, reserved 425984K
}

