# JRE version: Java(TM) SE Runtime Environment (17.0.10+11) (build 17.0.10+11-LTS-240)
# Java VM: Java HotSpot(TM) 64-Bit Server VM (17.0.10+11-LTS-240, mixed mode, sharing, tiered, compressed oops, compressed class ptrs, g1 gc, windows-amd64)
GC Precious Log:
 CPUs: 12 total, 12 available
 Memory: 16295M
 Large Page Support: Disabled
 NUMA Support: Disabled
 Compressed Oops: Enabled (Zero based)
 Heap Region Size: 2M
 Heap Min Capacity: 8M
 Heap Initial Capacity: 256M
 Heap Max Capacity: 4074M
 Pre-touch: Disabled
 Parallel Workers: 10
 Concurrent Workers: 3
 Concurrent Refinement Workers: 10
 Periodic GC: Disabled
Heap:
 garbage-first heap   total 194560K, used 131499K [0x0000000701600000, 0x0000000800000000)
  region size 2048K, 22 young (45056K), 3 survivors (6144K)
 Metaspace       used 62160K, committed 62528K, reserved 1114112K
  class space    used 7049K, committed 7232K, reserved 1048576K
GC Heap History (20 events):
Event: 8.677 GC heap before
{Heap before GC invocations=16 (full 0):
 garbage-first heap   total 133120K, used 103857K [0x0000000701600000, 0x0000000800000000)
  region size 2048K, 21 young (43008K), 3 survivors (6144K)
 Metaspace       used 55468K, committed 55808K, reserved 1114112K
  class space    used 6230K, committed 6400K, reserved 1048576K
}
Event: 8.687 GC heap after
{Heap after GC invocations=17 (full 0):
 garbage-first heap   total 133120K, used 69371K [0x0000000701600000, 0x0000000800000000)
  region size 2048K, 2 young (4096K), 2 survivors (4096K)
 Metaspace       used 55468K, committed 55808K, reserved 1114112K
  class space    used 6230K, committed 6400K, reserved 1048576K
}
Event: 9.693 GC heap before
{Heap before GC invocations=17 (full 0):
 garbage-first heap   total 133120K, used 104187K [0x0000000701600000, 0x0000000800000000)
  region size 2048K, 19 young (38912K), 2 survivors (4096K)
 Metaspace       used 56074K, committed 56448K, reserved 1114112K
  class space    used 6262K, committed 6464K, reserved 1048576K
}
Event: 9.702 GC heap after
{Heap after GC invocations=18 (full 0):
 garbage-first heap   total 133120K, used 72322K [0x0000000701600000, 0x0000000800000000)
  region size 2048K, 3 young (6144K), 3 survivors (6144K)
 Metaspace       used 56074K, committed 56448K, reserved 1114112K
  class space    used 6262K, committed 6464K, reserved 1048576K
}
Event: 10.825 GC heap before
{Heap before GC invocations=19 (full 0):
 garbage-first heap   total 133120K, used 105090K [0x0000000701600000, 0x0000000800000000)
  region size 2048K, 19 young (38912K), 3 survivors (6144K)
 Metaspace       used 59579K, committed 59904K, reserved 1114112K
  class space    used 6833K, committed 7040K, reserved 1048576K
}
Event: 10.842 GC heap after
{Heap after GC invocations=20 (full 0):
 garbage-first heap   total 133120K, used 75942K [0x0000000701600000, 0x0000000800000000)
  region size 2048K, 2 young (4096K), 2 survivors (4096K)
 Metaspace       used 59579K, committed 59904K, reserved 1114112K
  class space    used 6833K, committed 7040K, reserved 1048576K
}
Event: 11.887 GC heap before
{Heap before GC invocations=20 (full 0):
 garbage-first heap   total 133120K, used 106662K [0x0000000701600000, 0x0000000800000000)
  region size 2048K, 17 young (34816K), 2 survivors (4096K)
 Metaspace       used 60042K, committed 60416K, reserved 1114112K
  class space    used 6872K, committed 7040K, reserved 1048576K
}
Event: 11.897 GC heap after
{Heap after GC invocations=21 (full 0):
 garbage-first heap   total 133120K, used 79787K [0x0000000701600000, 0x0000000800000000)
  region size 2048K, 2 young (4096K), 2 survivors (4096K)
 Metaspace       used 60042K, committed 60416K, reserved 1114112K
  class space    used 6872K, committed 7040K, reserved 1048576K
}
Event: 12.791 GC heap before
{Heap before GC invocations=22 (full 0):
 garbage-first heap   total 141312K, used 106411K [0x0000000701600000, 0x0000000800000000)
  region size 2048K, 15 young (30720K), 2 survivors (4096K)
 Metaspace       used 60344K, committed 60736K, reserved 1114112K
  class space    used 6894K, committed 7104K, reserved 1048576K
}
Event: 12.801 GC heap after
{Heap after GC invocations=23 (full 0):
 garbage-first heap   total 141312K, used 82440K [0x0000000701600000, 0x0000000800000000)
  region size 2048K, 2 young (4096K), 2 survivors (4096K)
 Metaspace       used 60344K, committed 60736K, reserved 1114112K
  class space    used 6894K, committed 7104K, reserved 1048576K
}
Event: 13.710 GC heap before
{Heap before GC invocations=23 (full 0):
 garbage-first heap   total 141312K, used 115208K [0x0000000701600000, 0x0000000800000000)
  region size 2048K, 18 young (36864K), 2 survivors (4096K)
 Metaspace       used 60546K, committed 60928K, reserved 1114112K
  class space    used 6904K, committed 7104K, reserved 1048576K
}
Event: 13.718 GC heap after
{Heap after GC invocations=24 (full 0):
 garbage-first heap   total 141312K, used 84734K [0x0000000701600000, 0x0000000800000000)
  region size 2048K, 3 young (6144K), 3 survivors (6144K)
 Metaspace       used 60546K, committed 60928K, reserved 1114112K
  class space    used 6904K, committed 7104K, reserved 1048576K
}
Event: 14.708 GC heap before
{Heap before GC invocations=25 (full 0):
 garbage-first heap   total 147456K, used 115454K [0x0000000701600000, 0x0000000800000000)
  region size 2048K, 18 young (36864K), 3 survivors (6144K)
 Metaspace       used 60753K, committed 61120K, reserved 1114112K
  class space    used 6907K, committed 7104K, reserved 1048576K
}
Event: 14.717 GC heap after
{Heap after GC invocations=26 (full 0):
 garbage-first heap   total 147456K, used 87030K [0x0000000701600000, 0x0000000800000000)
  region size 2048K, 3 young (6144K), 3 survivors (6144K)
 Metaspace       used 60753K, committed 61120K, reserved 1114112K
  class space    used 6907K, committed 7104K, reserved 1048576K
}
Event: 15.695 GC heap before
{Heap before GC invocations=26 (full 0):
 garbage-first heap   total 147456K, used 119798K [0x0000000701600000, 0x0000000800000000)
  region size 2048K, 19 young (38912K), 3 survivors (6144K)
 Metaspace       used 61032K, committed 61376K, reserved 1114112K
  class space    used 6924K, committed 7104K, reserved 1048576K
}
Event: 15.707 GC heap after
{Heap after GC invocations=27 (full 0):
 garbage-first heap   total 147456K, used 89599K [0x0000000701600000, 0x0000000800000000)
  region size 2048K, 3 young (6144K), 3 survivors (6144K)
 Metaspace       used 61032K, committed 61376K, reserved 1114112K
  class space    used 6924K, committed 7104K, reserved 1048576K
}
Event: 16.477 GC heap before
{Heap before GC invocations=28 (full 0):
 garbage-first heap   total 161792K, used 120319K [0x0000000701600000, 0x0000000800000000)
  region size 2048K, 18 young (36864K), 3 survivors (6144K)
 Metaspace       used 61137K, committed 61504K, reserved 1114112K
  class space    used 6924K, committed 7104K, reserved 1048576K
}
Event: 16.486 GC heap after
{Heap after GC invocations=29 (full 0):
 garbage-first heap   total 161792K, used 91462K [0x0000000701600000, 0x0000000800000000)
  region size 2048K, 3 young (6144K), 3 survivors (6144K)
 Metaspace       used 61137K, committed 61504K, reserved 1114112K
  class space    used 6924K, committed 7104K, reserved 1048576K
}
Event: 17.367 GC heap before
{Heap before GC invocations=29 (full 0):
 garbage-first heap   total 161792K, used 132422K [0x0000000701600000, 0x0000000800000000)
  region size 2048K, 23 young (47104K), 3 survivors (6144K)
 Metaspace       used 61325K, committed 61696K, reserved 1114112K
  class space    used 6929K, committed 7104K, reserved 1048576K
}
Event: 17.378 GC heap after
{Heap after GC invocations=30 (full 0):
 garbage-first heap   total 194560K, used 94635K [0x0000000701600000, 0x0000000800000000)
  region size 2048K, 3 young (6144K), 3 survivors (6144K)
 Metaspace       used 61325K, committed 61696K, reserved 1114112K
  class space    used 6929K, committed 7104K, reserved 1048576K
}

