# JRE version: Java(TM) SE Runtime Environment (17.0.10+11) (build 17.0.10+11-LTS-240)
# Java VM: Java HotSpot(TM) 64-Bit Server VM (17.0.10+11-LTS-240, mixed mode, sharing, tiered, compressed oops, compressed class ptrs, g1 gc, windows-amd64)
GC Precious Log:
 CPUs: 12 total, 12 available
 Memory: 16295M
 Large Page Support: Disabled
 NUMA Support: Disabled
 Compressed Oops: Enabled (32-bit)
 Heap Region Size: 1M
 Heap Min Capacity: 8M
 Heap Initial Capacity: 256M
 Heap Max Capacity: 2G
 Pre-touch: Disabled
 Parallel Workers: 10
 Concurrent Workers: 3
 Concurrent Refinement Workers: 10
 Periodic GC: Disabled
Heap:
 garbage-first heap   total 81920K, used 48732K [0x0000000080000000, 0x0000000100000000)
  region size 1024K, 4 young (4096K), 3 survivors (3072K)
 Metaspace       used 46550K, committed 47168K, reserved 491520K
  class space    used 6573K, committed 6848K, reserved 425984K
GC Heap History (20 events):
Event: 5.732 GC heap before
{Heap before GC invocations=4 (full 0):
 garbage-first heap   total 81920K, used 59429K [0x0000000080000000, 0x0000000100000000)
  region size 1024K, 48 young (49152K), 12 survivors (12288K)
 Metaspace       used 27435K, committed 27840K, reserved 491520K
  class space    used 3901K, committed 4096K, reserved 425984K
}
Event: 5.743 GC heap after
{Heap after GC invocations=5 (full 0):
 garbage-first heap   total 81920K, used 25793K [0x0000000080000000, 0x0000000100000000)
  region size 1024K, 4 young (4096K), 4 survivors (4096K)
 Metaspace       used 27435K, committed 27840K, reserved 491520K
  class space    used 3901K, committed 4096K, reserved 425984K
}
Event: 8.376 GC heap before
{Heap before GC invocations=5 (full 0):
 garbage-first heap   total 81920K, used 58561K [0x0000000080000000, 0x0000000100000000)
  region size 1024K, 37 young (37888K), 4 survivors (4096K)
 Metaspace       used 30869K, committed 31232K, reserved 491520K
  class space    used 4344K, committed 4544K, reserved 425984K
}
Event: 8.382 GC heap after
{Heap after GC invocations=6 (full 0):
 garbage-first heap   total 81920K, used 28538K [0x0000000080000000, 0x0000000100000000)
  region size 1024K, 5 young (5120K), 5 survivors (5120K)
 Metaspace       used 30869K, committed 31232K, reserved 491520K
  class space    used 4344K, committed 4544K, reserved 425984K
}
Event: 26.230 GC heap before
{Heap before GC invocations=6 (full 0):
 garbage-first heap   total 81920K, used 65402K [0x0000000080000000, 0x0000000100000000)
  region size 1024K, 37 young (37888K), 5 survivors (5120K)
 Metaspace       used 33273K, committed 33728K, reserved 491520K
  class space    used 4594K, committed 4800K, reserved 425984K
}
Event: 26.235 GC heap after
{Heap after GC invocations=7 (full 0):
 garbage-first heap   total 81920K, used 31167K [0x0000000080000000, 0x0000000100000000)
  region size 1024K, 5 young (5120K), 5 survivors (5120K)
 Metaspace       used 33273K, committed 33728K, reserved 491520K
  class space    used 4594K, committed 4800K, reserved 425984K
}
Event: 26.917 GC heap before
{Heap before GC invocations=7 (full 0):
 garbage-first heap   total 81920K, used 61887K [0x0000000080000000, 0x0000000100000000)
  region size 1024K, 35 young (35840K), 5 survivors (5120K)
 Metaspace       used 34935K, committed 35392K, reserved 491520K
  class space    used 4845K, committed 5056K, reserved 425984K
}
Event: 26.922 GC heap after
{Heap after GC invocations=8 (full 0):
 garbage-first heap   total 81920K, used 33000K [0x0000000080000000, 0x0000000100000000)
  region size 1024K, 5 young (5120K), 5 survivors (5120K)
 Metaspace       used 34935K, committed 35392K, reserved 491520K
  class space    used 4845K, committed 5056K, reserved 425984K
}
Event: 26.997 GC heap before
{Heap before GC invocations=8 (full 0):
 garbage-first heap   total 81920K, used 39144K [0x0000000080000000, 0x0000000100000000)
  region size 1024K, 11 young (11264K), 5 survivors (5120K)
 Metaspace       used 35547K, committed 35968K, reserved 491520K
  class space    used 4859K, committed 5056K, reserved 425984K
}
Event: 27.000 GC heap after
{Heap after GC invocations=9 (full 0):
 garbage-first heap   total 81920K, used 34337K [0x0000000080000000, 0x0000000100000000)
  region size 1024K, 3 young (3072K), 3 survivors (3072K)
 Metaspace       used 35547K, committed 35968K, reserved 491520K
  class space    used 4859K, committed 5056K, reserved 425984K
}
Event: 27.679 GC heap before
{Heap before GC invocations=10 (full 0):
 garbage-first heap   total 81920K, used 63009K [0x0000000080000000, 0x0000000100000000)
  region size 1024K, 32 young (32768K), 3 survivors (3072K)
 Metaspace       used 38730K, committed 39232K, reserved 491520K
  class space    used 5371K, committed 5568K, reserved 425984K
}
Event: 27.682 GC heap after
{Heap after GC invocations=11 (full 0):
 garbage-first heap   total 81920K, used 34891K [0x0000000080000000, 0x0000000100000000)
  region size 1024K, 4 young (4096K), 4 survivors (4096K)
 Metaspace       used 38730K, committed 39232K, reserved 491520K
  class space    used 5371K, committed 5568K, reserved 425984K
}
Event: 28.321 GC heap before
{Heap before GC invocations=11 (full 0):
 garbage-first heap   total 81920K, used 64587K [0x0000000080000000, 0x0000000100000000)
  region size 1024K, 33 young (33792K), 4 survivors (4096K)
 Metaspace       used 41718K, committed 42304K, reserved 491520K
  class space    used 5844K, committed 6080K, reserved 425984K
}
Event: 28.325 GC heap after
{Heap after GC invocations=12 (full 0):
 garbage-first heap   total 81920K, used 36407K [0x0000000080000000, 0x0000000100000000)
  region size 1024K, 4 young (4096K), 4 survivors (4096K)
 Metaspace       used 41718K, committed 42304K, reserved 491520K
  class space    used 5844K, committed 6080K, reserved 425984K
}
Event: 30.149 GC heap before
{Heap before GC invocations=12 (full 0):
 garbage-first heap   total 81920K, used 65079K [0x0000000080000000, 0x0000000100000000)
  region size 1024K, 32 young (32768K), 4 survivors (4096K)
 Metaspace       used 45119K, committed 45696K, reserved 491520K
  class space    used 6384K, committed 6656K, reserved 425984K
}
Event: 30.153 GC heap after
{Heap after GC invocations=13 (full 0):
 garbage-first heap   total 81920K, used 37979K [0x0000000080000000, 0x0000000100000000)
  region size 1024K, 4 young (4096K), 4 survivors (4096K)
 Metaspace       used 45119K, committed 45696K, reserved 491520K
  class space    used 6384K, committed 6656K, reserved 425984K
}
Event: 31.725 GC heap before
{Heap before GC invocations=13 (full 0):
 garbage-first heap   total 81920K, used 53339K [0x0000000080000000, 0x0000000100000000)
  region size 1024K, 21 young (21504K), 4 survivors (4096K)
 Metaspace       used 46438K, committed 47040K, reserved 491520K
  class space    used 6556K, committed 6784K, reserved 425984K
}
Event: 31.729 GC heap after
{Heap after GC invocations=14 (full 0):
 garbage-first heap   total 81920K, used 39580K [0x0000000080000000, 0x0000000100000000)
  region size 1024K, 4 young (4096K), 4 survivors (4096K)
 Metaspace       used 46438K, committed 47040K, reserved 491520K
  class space    used 6556K, committed 6784K, reserved 425984K
}
Event: 31.844 GC heap before
{Heap before GC invocations=15 (full 0):
 garbage-first heap   total 81920K, used 46748K [0x0000000080000000, 0x0000000100000000)
  region size 1024K, 8 young (8192K), 4 survivors (4096K)
 Metaspace       used 46550K, committed 47168K, reserved 491520K
  class space    used 6573K, committed 6848K, reserved 425984K
}
Event: 31.847 GC heap after
{Heap after GC invocations=16 (full 0):
 garbage-first heap   total 81920K, used 44636K [0x0000000080000000, 0x0000000100000000)
  region size 1024K, 3 young (3072K), 3 survivors (3072K)
 Metaspace       used 46550K, committed 47168K, reserved 491520K
  class space    used 6573K, committed 6848K, reserved 425984K
}

